Native library pre-loader is trying to load native SQLite library "D:\GitHub\MixManagementService\MixManagementPlatform\MixManagementPlatform\bin\Debug\x64\SQLite.Interop.dll"...
Native library pre-loader is trying to load native SQLite library "D:\GitHub\MixManagementService\MixManagementPlatform\MixManagementPlatform\bin\Debug\x64\SQLite.Interop.dll"...
Native library pre-loader is trying to load native SQLite library "D:\GitHub\MixManagementService\MixManagementPlatform\MixManagementPlatform\bin\Debug\x64\SQLite.Interop.dll"...
Native library pre-loader is trying to load native SQLite library "D:\GitHub\MixManagementService\MixManagementPlatform\MixManagementPlatform\bin\Debug\x64\SQLite.Interop.dll"...
Native library pre-loader is trying to load native SQLite library "E:\GitHub\MixManagementService\MixManagementPlatform\MixManagementPlatform\bin\Debug\x64\SQLite.Interop.dll"...
Native library pre-loader is trying to load native SQLite library "E:\GitHub\MixManagementService\MixManagementPlatform\MixManagementPlatform\bin\Debug\x64\SQLite.Interop.dll"...
2018/8/9 16:25:03  FormMain(Exception)：添加模块信息异常
   在 MixManagementPlatform.FormModuleConfig.InitData(String path) 位置 E:\GitHub\MixManagementService\MixManagementPlatform\MixManagementPlatform\FormModuleConfig.cs:行号 117
   在 MixManagementPlatform.FormModuleConfig..ctor(Form form, Int32 type, String path) 位置 E:\GitHub\MixManagementService\MixManagementPlatform\MixManagementPlatform\FormModuleConfig.cs:行号 36
   在 MixManagementPlatform.FormModuleConfig..ctor(Form form, TModule module) 位置 E:\GitHub\MixManagementService\MixManagementPlatform\MixManagementPlatform\FormModuleConfig.cs:行号 39
   在 MixManagementPlatform.FormMain.AddModule() 位置 E:\GitHub\MixManagementService\MixManagementPlatform\MixManagementPlatform\FormMain.cs:行号 802
Native library pre-loader is trying to load native SQLite library "E:\GitHub\MixManagementService\MixManagementPlatform\MixManagementPlatform\bin\Debug\x64\SQLite.Interop.dll"...
2018/8/9 16:27:38  FormMain(Exception)：添加模块信息异常
   在 MixManagementPlatform.FormModuleConfig.InitData(String path) 位置 E:\GitHub\MixManagementService\MixManagementPlatform\MixManagementPlatform\FormModuleConfig.cs:行号 117
   在 MixManagementPlatform.FormModuleConfig..ctor(Form form, Int32 type, String path) 位置 E:\GitHub\MixManagementService\MixManagementPlatform\MixManagementPlatform\FormModuleConfig.cs:行号 36
   在 MixManagementPlatform.FormModuleConfig..ctor(Form form, TModule module) 位置 E:\GitHub\MixManagementService\MixManagementPlatform\MixManagementPlatform\FormModuleConfig.cs:行号 39
   在 MixManagementPlatform.FormMain.AddModule() 位置 E:\GitHub\MixManagementService\MixManagementPlatform\MixManagementPlatform\FormMain.cs:行号 802
2018/8/9 16:28:54  FormMain(Exception)：添加模块信息异常
   在 MixManagementPlatform.FormModuleConfig.InitData(String path) 位置 E:\GitHub\MixManagementService\MixManagementPlatform\MixManagementPlatform\FormModuleConfig.cs:行号 117
   在 MixManagementPlatform.FormModuleConfig..ctor(Form form, Int32 type, String path) 位置 E:\GitHub\MixManagementService\MixManagementPlatform\MixManagementPlatform\FormModuleConfig.cs:行号 36
   在 MixManagementPlatform.FormModuleConfig..ctor(Form form, TModule module) 位置 E:\GitHub\MixManagementService\MixManagementPlatform\MixManagementPlatform\FormModuleConfig.cs:行号 39
   在 MixManagementPlatform.FormMain.AddModule() 位置 E:\GitHub\MixManagementService\MixManagementPlatform\MixManagementPlatform\FormMain.cs:行号 802
Native library pre-loader is trying to load native SQLite library "E:\GitHub\MixManagementService\MixManagementPlatform\MixManagementPlatform\bin\Debug\x64\SQLite.Interop.dll"...
2018/8/9 16:34:41  FormMain(Exception)：添加模块信息异常
   在 MixManagementPlatform.FormModuleConfig.InitData(String path) 位置 E:\GitHub\MixManagementService\MixManagementPlatform\MixManagementPlatform\FormModuleConfig.cs:行号 117
   在 MixManagementPlatform.FormModuleConfig..ctor(Form form, Int32 type, String path) 位置 E:\GitHub\MixManagementService\MixManagementPlatform\MixManagementPlatform\FormModuleConfig.cs:行号 36
   在 MixManagementPlatform.FormModuleConfig..ctor(Form form, TModule module) 位置 E:\GitHub\MixManagementService\MixManagementPlatform\MixManagementPlatform\FormModuleConfig.cs:行号 39
   在 MixManagementPlatform.FormMain.AddModule() 位置 E:\GitHub\MixManagementService\MixManagementPlatform\MixManagementPlatform\FormMain.cs:行号 802
Native library pre-loader is trying to load native SQLite library "E:\GitHub\MixManagementService\MixManagementPlatform\MixManagementPlatform\bin\Debug\x64\SQLite.Interop.dll"...
2018/8/9 16:39:31  FormMain(Exception)：添加模块信息异常
   在 MixManagementPlatform.FormModuleConfig.InitData(String path) 位置 E:\GitHub\MixManagementService\MixManagementPlatform\MixManagementPlatform\FormModuleConfig.cs:行号 117
   在 MixManagementPlatform.FormModuleConfig..ctor(Form form, Int32 type, String path) 位置 E:\GitHub\MixManagementService\MixManagementPlatform\MixManagementPlatform\FormModuleConfig.cs:行号 36
   在 MixManagementPlatform.FormModuleConfig..ctor(Form form, TModule module) 位置 E:\GitHub\MixManagementService\MixManagementPlatform\MixManagementPlatform\FormModuleConfig.cs:行号 39
   在 MixManagementPlatform.FormMain.AddModule() 位置 E:\GitHub\MixManagementService\MixManagementPlatform\MixManagementPlatform\FormMain.cs:行号 802
Native library pre-loader is trying to load native SQLite library "E:\GitHub\MixManagementService\MixManagementPlatform\MixManagementPlatform\bin\Debug\x64\SQLite.Interop.dll"...
Native library pre-loader is trying to load native SQLite library "E:\GitHub\MixManagementService\MixManagementPlatform\MixManagementPlatform\bin\Debug\x64\SQLite.Interop.dll"...
Native library pre-loader is trying to load native SQLite library "E:\GitHub\MixManagementService\MixManagementPlatform\MixManagementPlatform\bin\Debug\x64\SQLite.Interop.dll"...
Native library pre-loader is trying to load native SQLite library "E:\GitHub\MixManagementService\MixManagementPlatform\MixManagementPlatform\bin\Debug\x64\SQLite.Interop.dll"...
